Build started 28/07/2014 15:48:36.
     1>Project "E:\Joachim\Visual_Studio_C++\stageControler\stageControl\stageControl.vcxproj" on node 2 (build target(s)).
     1>InitializeBuildStatus:
         Touching "Debug\stageControl.unsuccessfulbuild".
       ClCompile:
         C:\Program Files (x86)\Microsoft Visual Studio 10.0\VC\bin\CL.exe /c /ZI /nologo /W3 /WX- /Od /Oy- /D WIN32 /D _DEBUG /D _CONSOLE /D _LIB /D _UNICODE /D UNICODE /Gm /EHsc /RTC1 /MDd /GS /fp:precise /Zc:wchar_t /Zc:forScope /Fo"Debug\\" /Fd"Debug\vc100.pdb" /Gd /TP /analyze- /errorReport:prompt figures.cpp figuresWriteCoordToFile.cpp main.cpp stageController.cpp
         stageController.cpp
     1>e:\joachim\visual_studio_c++\stagecontroler\stagecontrol\stagecontroller.h(13): error C2864: 'stageController::veloLimit' : only static const integral data members can be initialized within a class
         main.cpp
     1>e:\joachim\visual_studio_c++\stagecontroler\stagecontrol\stagecontroller.h(13): error C2864: 'stageController::veloLimit' : only static const integral data members can be initialized within a class
     1>e:\joachim\visual_studio_c++\stagecontroler\stagecontrol\movestageusingkeyboard.h(41): warning C4229: anachronism used : modifiers on data are ignored
     1>e:\joachim\visual_studio_c++\stagecontroler\stagecontrol\movestageusingkeyboard.h(43): warning C4229: anachronism used : modifiers on data are ignored
     1>e:\joachim\visual_studio_c++\stagecontroler\stagecontrol\movestageusingkeyboard.h(575): warning C4244: 'argument' : conversion from 'double' to 'int', possible loss of data
         figuresWriteCoordToFile.cpp
     1>e:\joachim\visual_studio_c++\stagecontroler\stagecontrol\stagecontroller.h(13): error C2864: 'stageController::veloLimit' : only static const integral data members can be initialized within a class
         figures.cpp
     1>e:\joachim\visual_studio_c++\stagecontroler\stagecontrol\stagecontroller.h(13): error C2864: 'stageController::veloLimit' : only static const integral data members can be initialized within a class
         Generating Code...
     1>Done Building Project "E:\Joachim\Visual_Studio_C++\stageControler\stageControl\stageControl.vcxproj" (build target(s)) -- FAILED.

Build FAILED.

Time Elapsed 00:00:02.65
